[debug] [2022-09-02T08:18:13.513Z] ----------------------------------------------------------------------
[debug] [2022-09-02T08:18:13.515Z] Command:       C:\Program Files\nodejs\node.exe C:\Users\Volted pc User\AppData\Roaming\npm\node_modules\firebase-tools\lib\bin\firebase.js emulators:start
[debug] [2022-09-02T08:18:13.515Z] CLI Version:   11.8.0
[debug] [2022-09-02T08:18:13.515Z] Platform:      win32
[debug] [2022-09-02T08:18:13.515Z] Node Version:  v18.2.0
[debug] [2022-09-02T08:18:13.519Z] Time:          Fri Sep 02 2022 13:48:13 GMT+0530 (India Standard Time)
[debug] [2022-09-02T08:18:13.519Z] ----------------------------------------------------------------------
[debug] 
[debug] [2022-09-02T08:18:13.626Z] > command requires scopes: ["email","openid","https://www.googleapis.com/auth/cloudplatformprojects.readonly","https://www.googleapis.com/auth/firebase","https://www.googleapis.com/auth/cloud-platform"]
[debug] [2022-09-02T08:18:13.626Z] > authorizing via signed-in user (thisisshivam06@gmail.com)
[info] i  emulators: Starting emulators: functions {"metadata":{"emulator":{"name":"hub"},"message":"Starting emulators: functions"}}
[debug] [2022-09-02T08:18:13.651Z] [hub] writing locator at C:\Users\VOLTED~1\AppData\Local\Temp\hub-clone-b10be.json
[warn] !  functions: The following emulators are not running, calls to these services from the Functions emulator will affect production: auth, firestore, database, hosting, pubsub, storage, eventarc {"metadata":{"emulator":{"name":"functions"},"message":"The following emulators are not running, calls to these services from the Functions emulator will affect production: \u001b[1mauth, firestore, database, hosting, pubsub, storage, eventarc\u001b[22m"}}
[warn] !  Your requested "node" version "16" doesn't match your global version "18". Using node@18 from host. {"metadata":{"emulator":{"name":"functions"},"message":"Your requested \"node\" version \"16\" doesn't match your global version \"18\". Using node@18 from host."}}
[debug] [2022-09-02T08:18:13.682Z] defaultcredentials: writing to file C:\Users\Volted pc User\AppData\Roaming\firebase\thisisshivam06_gmail_com_application_default_credentials.json
[debug] [2022-09-02T08:18:13.683Z] Setting GAC to C:\Users\Volted pc User\AppData\Roaming\firebase\thisisshivam06_gmail_com_application_default_credentials.json {"metadata":{"emulator":{"name":"functions"},"message":"Setting GAC to C:\\Users\\Volted pc User\\AppData\\Roaming\\firebase\\thisisshivam06_gmail_com_application_default_credentials.json"}}
[debug] [2022-09-02T08:18:13.684Z] > refreshing access token with scopes: []
[debug] [2022-09-02T08:18:13.686Z] >>> [apiv2][query] POST https://www.googleapis.com/oauth2/v3/token [none]
[debug] [2022-09-02T08:18:13.686Z] >>> [apiv2][body] POST https://www.googleapis.com/oauth2/v3/token [omitted]
[debug] [2022-09-02T08:18:13.983Z] <<< [apiv2][status] POST https://www.googleapis.com/oauth2/v3/token 200
[debug] [2022-09-02T08:18:13.983Z] <<< [apiv2][body] POST https://www.googleapis.com/oauth2/v3/token [omitted]
[debug] [2022-09-02T08:18:13.995Z] >>> [apiv2][query] GET https://firebase.googleapis.com/v1beta1/projects/clone-b10be/adminSdkConfig [none]
[debug] [2022-09-02T08:18:14.671Z] <<< [apiv2][status] GET https://firebase.googleapis.com/v1beta1/projects/clone-b10be/adminSdkConfig 200
[debug] [2022-09-02T08:18:14.671Z] <<< [apiv2][body] GET https://firebase.googleapis.com/v1beta1/projects/clone-b10be/adminSdkConfig {"projectId":"clone-b10be","storageBucket":"clone-b10be.appspot.com"}
[debug] [2022-09-02T08:18:14.700Z] Ignoring unsupported arg: auto_download {"metadata":{"emulator":{"name":"ui"},"message":"Ignoring unsupported arg: auto_download"}}
[debug] [2022-09-02T08:18:14.700Z] Ignoring unsupported arg: port {"metadata":{"emulator":{"name":"ui"},"message":"Ignoring unsupported arg: port"}}
[debug] [2022-09-02T08:18:14.701Z] Starting Emulator UI with command {"binary":"node","args":["C:\\Users\\Volted pc User\\.cache\\firebase\\emulators\\ui-v1.9.0\\server\\server.js"],"optionalArgs":[],"joinArgs":false} {"metadata":{"emulator":{"name":"ui"},"message":"Starting Emulator UI with command {\"binary\":\"node\",\"args\":[\"C:\\\\Users\\\\Volted pc User\\\\.cache\\\\firebase\\\\emulators\\\\ui-v1.9.0\\\\server\\\\server.js\"],\"optionalArgs\":[],\"joinArgs\":false}"}}
[info] i  ui: Emulator UI logging to ui-debug.log {"metadata":{"emulator":{"name":"ui"},"message":"Emulator UI logging to \u001b[1mui-debug.log\u001b[22m"}}
[debug] [2022-09-02T08:18:14.801Z] Web / API server started at localhost:4000
 {"metadata":{"emulator":{"name":"ui"},"message":"Web / API server started at localhost:4000\n"}}
[info] i  functions: Watching "C:\Users\Volted pc User\Desktop\amazon-project\amazon-clone-react\functions" for Cloud Functions... {"metadata":{"emulator":{"name":"functions"},"message":"Watching \"C:\\Users\\Volted pc User\\Desktop\\amazon-project\\amazon-clone-react\\functions\" for Cloud Functions..."}}
[debug] [2022-09-02T08:18:14.968Z] Validating nodejs source
[debug] [2022-09-02T08:18:17.463Z] > [functions] package.json contents: {
  "name": "functions",
  "description": "Cloud Functions for Firebase",
  "scripts": {
    "lint": "eslint .",
    "serve": "firebase emulators:start --only functions",
    "shell": "firebase functions:shell",
    "start": "npm run shell",
    "deploy": "firebase deploy --only functions",
    "logs": "firebase functions:log"
  },
  "engines": {
    "node": "16"
  },
  "main": "index.js",
  "dependencies": {
    "cors": "^2.8.5",
    "firebase-admin": "^10.0.2",
    "firebase-functions": "^3.18.0",
    "stripe": "^10.7.0"
  },
  "devDependencies": {
    "eslint": "^8.9.0",
    "eslint-config-google": "^0.14.0",
    "firebase-functions-test": "^0.2.0"
  },
  "private": true
}
[debug] [2022-09-02T08:18:17.463Z] Building nodejs source
[debug] [2022-09-02T08:18:17.463Z] Analyzing nodejs backend spec
[debug] [2022-09-02T08:18:17.464Z] Could not find functions.yaml. Must use http discovery
[debug] [2022-09-02T08:18:17.710Z] Serving at port 9005

[debug] [2022-09-02T08:18:17.865Z] Got response from /__/functions.yaml {"endpoints":{"api":{"platform":"gcfv1","httpsTrigger":{},"entryPoint":"api"}},"specVersion":"v1alpha1","requiredAPIs":[]}
[debug] [2022-09-02T08:18:17.870Z] shutdown requested via /__/quitquitquit

[info] +  functions: Loaded functions definitions from source: api. {"metadata":{"emulator":{"name":"functions"},"message":"Loaded functions definitions from source: api."}}
[info] +  functions[us-central1-api]: http function initialized (http://localhost:5001/clone-b10be/us-central1/api). {"metadata":{"emulator":{"name":"functions"},"message":"\u001b[1mhttp\u001b[22m function initialized (http://localhost:5001/clone-b10be/us-central1/api)."}}
[info] 
┌─────────────────────────────────────────────────────────────┐
│ ✔  All emulators ready! It is now safe to connect your app. │
│ i  View Emulator UI at http://localhost:4000                │
└─────────────────────────────────────────────────────────────┘

┌───────────┬────────────────┬─────────────────────────────────┐
│ Emulator  │ Host:Port      │ View in Emulator UI             │
├───────────┼────────────────┼─────────────────────────────────┤
│ Functions │ localhost:5001 │ http://localhost:4000/functions │
└───────────┴────────────────┴─────────────────────────────────┘
  Emulator Hub running at localhost:4400
  Other reserved ports: 4500

Issues? Report them at https://github.com/firebase/firebase-tools/issues and attach the *-debug.log files.
 
[debug] [2022-09-02T08:19:46.147Z] File C:\Users\Volted pc User\Desktop\amazon-project\amazon-clone-react\functions\index.js changed, reloading triggers {"metadata":{"emulator":{"name":"functions"},"message":"File C:\\Users\\Volted pc User\\Desktop\\amazon-project\\amazon-clone-react\\functions\\index.js changed, reloading triggers"}}
[debug] [2022-09-02T08:19:47.159Z] Validating nodejs source
[debug] [2022-09-02T08:19:49.642Z] > [functions] package.json contents: {
  "name": "functions",
  "description": "Cloud Functions for Firebase",
  "scripts": {
    "lint": "eslint .",
    "serve": "firebase emulators:start --only functions",
    "shell": "firebase functions:shell",
    "start": "npm run shell",
    "deploy": "firebase deploy --only functions",
    "logs": "firebase functions:log"
  },
  "engines": {
    "node": "16"
  },
  "main": "index.js",
  "dependencies": {
    "cors": "^2.8.5",
    "firebase-admin": "^10.0.2",
    "firebase-functions": "^3.18.0",
    "stripe": "^10.7.0"
  },
  "devDependencies": {
    "eslint": "^8.9.0",
    "eslint-config-google": "^0.14.0",
    "firebase-functions-test": "^0.2.0"
  },
  "private": true
}
[debug] [2022-09-02T08:19:49.643Z] Building nodejs source
[debug] [2022-09-02T08:19:49.643Z] Analyzing nodejs backend spec
[debug] [2022-09-02T08:19:49.643Z] Could not find functions.yaml. Must use http discovery
[debug] [2022-09-02T08:19:49.814Z] Serving at port 9005

[debug] [2022-09-02T08:19:49.922Z] Got response from /__/functions.yaml {"endpoints":{"api":{"platform":"gcfv1","httpsTrigger":{},"entryPoint":"api"}},"specVersion":"v1alpha1","requiredAPIs":[]}
[debug] [2022-09-02T08:19:49.926Z] shutdown requested via /__/quitquitquit

[info] +  functions: Loaded functions definitions from source: api. {"metadata":{"emulator":{"name":"functions"},"message":"Loaded functions definitions from source: api."}}
[debug] [2022-09-02T08:20:13.571Z] [work-queue] {"queueLength":1,"workRunningCount":0}
[debug] [2022-09-02T08:20:13.571Z] [work-queue] {"queueLength":0,"workRunningCount":1}
[debug] [2022-09-02T08:20:13.572Z] Accepted request GET /clone-b10be/us-central1/api --> us-central1-api
[debug] [2022-09-02T08:20:13.579Z] [worker-pool] addWorker(us-central1-api) {"metadata":{"emulator":{"name":"functions"},"message":"[worker-pool] addWorker(us-central1-api)"}}
[debug] [2022-09-02T08:20:13.579Z] [worker-pool] Adding worker with key us-central1-api, total=1 {"metadata":{"emulator":{"name":"functions"},"message":"[worker-pool] Adding worker with key us-central1-api, total=1"}}
[debug] [2022-09-02T08:20:13.579Z] [worker-pool] submitWork(triggerId=us-central1-api) {"metadata":{"emulator":{"name":"functions"},"message":"[worker-pool] submitWork(triggerId=us-central1-api)"}}
[debug] [2022-09-02T08:20:13.579Z] [worker-us-central1-api-f946c1f6-c282-4fd5-b99c-23558bc2c02e]: BUSY {"metadata":{"emulator":{"name":"functions"},"message":"[worker-us-central1-api-f946c1f6-c282-4fd5-b99c-23558bc2c02e]: BUSY"}}
[debug] [2022-09-02T08:20:14.550Z] [runtime-status] [20500] Resolved module firebase-admin {"declared":true,"installed":true,"version":"10.3.0","resolution":"C:\\Users\\Volted pc User\\Desktop\\amazon-project\\amazon-clone-react\\functions\\node_modules\\firebase-admin\\lib\\index.js"} {"metadata":{"emulator":{"name":"functions"},"function":{"name":"us-central1-api"},"extension":{},"message":"[runtime-status] [20500] Resolved module firebase-admin {\"declared\":true,\"installed\":true,\"version\":\"10.3.0\",\"resolution\":\"C:\\\\Users\\\\Volted pc User\\\\Desktop\\\\amazon-project\\\\amazon-clone-react\\\\functions\\\\node_modules\\\\firebase-admin\\\\lib\\\\index.js\"}"}}
[debug] [2022-09-02T08:20:14.551Z] [runtime-status] [20500] Resolved module firebase-functions {"declared":true,"installed":true,"version":"3.23.0","resolution":"C:\\Users\\Volted pc User\\Desktop\\amazon-project\\amazon-clone-react\\functions\\node_modules\\firebase-functions\\lib\\index.js"} {"metadata":{"emulator":{"name":"functions"},"function":{"name":"us-central1-api"},"extension":{},"message":"[runtime-status] [20500] Resolved module firebase-functions {\"declared\":true,\"installed\":true,\"version\":\"3.23.0\",\"resolution\":\"C:\\\\Users\\\\Volted pc User\\\\Desktop\\\\amazon-project\\\\amazon-clone-react\\\\functions\\\\node_modules\\\\firebase-functions\\\\lib\\\\index.js\"}"}}
[debug] [2022-09-02T08:20:14.551Z] [runtime-status] [20500] Outgoing network have been stubbed. [{"name":"http","status":"mocked"},{"name":"http","status":"mocked"},{"name":"https","status":"mocked"},{"name":"https","status":"mocked"},{"name":"net","status":"mocked"}] {"metadata":{"emulator":{"name":"functions"},"function":{"name":"us-central1-api"},"extension":{},"message":"[runtime-status] [20500] Outgoing network have been stubbed. [{\"name\":\"http\",\"status\":\"mocked\"},{\"name\":\"http\",\"status\":\"mocked\"},{\"name\":\"https\",\"status\":\"mocked\"},{\"name\":\"https\",\"status\":\"mocked\"},{\"name\":\"net\",\"status\":\"mocked\"}]"}}
[debug] [2022-09-02T08:20:14.552Z] [runtime-status] [20500] Resolved module firebase-functions {"declared":true,"installed":true,"version":"3.23.0","resolution":"C:\\Users\\Volted pc User\\Desktop\\amazon-project\\amazon-clone-react\\functions\\node_modules\\firebase-functions\\lib\\index.js"} {"metadata":{"emulator":{"name":"functions"},"function":{"name":"us-central1-api"},"extension":{},"message":"[runtime-status] [20500] Resolved module firebase-functions {\"declared\":true,\"installed\":true,\"version\":\"3.23.0\",\"resolution\":\"C:\\\\Users\\\\Volted pc User\\\\Desktop\\\\amazon-project\\\\amazon-clone-react\\\\functions\\\\node_modules\\\\firebase-functions\\\\lib\\\\index.js\"}"}}
[debug] [2022-09-02T08:20:14.593Z] [runtime-status] [20500] Checked functions.config() {"config":{}} {"metadata":{"emulator":{"name":"functions"},"function":{"name":"us-central1-api"},"extension":{},"message":"[runtime-status] [20500] Checked functions.config() {\"config\":{}}"}}
[debug] [2022-09-02T08:20:14.593Z] [runtime-status] [20500] firebase-functions has been stubbed. {"functionsResolution":{"declared":true,"installed":true,"version":"3.23.0","resolution":"C:\\Users\\Volted pc User\\Desktop\\amazon-project\\amazon-clone-react\\functions\\node_modules\\firebase-functions\\lib\\index.js"}} {"metadata":{"emulator":{"name":"functions"},"function":{"name":"us-central1-api"},"extension":{},"message":"[runtime-status] [20500] firebase-functions has been stubbed. {\"functionsResolution\":{\"declared\":true,\"installed\":true,\"version\":\"3.23.0\",\"resolution\":\"C:\\\\Users\\\\Volted pc User\\\\Desktop\\\\amazon-project\\\\amazon-clone-react\\\\functions\\\\node_modules\\\\firebase-functions\\\\lib\\\\index.js\"}}"}}
[debug] [2022-09-02T08:20:14.594Z] [runtime-status] [20500] Resolved module firebase-functions {"declared":true,"installed":true,"version":"3.23.0","resolution":"C:\\Users\\Volted pc User\\Desktop\\amazon-project\\amazon-clone-react\\functions\\node_modules\\firebase-functions\\lib\\index.js"} {"metadata":{"emulator":{"name":"functions"},"function":{"name":"us-central1-api"},"extension":{},"message":"[runtime-status] [20500] Resolved module firebase-functions {\"declared\":true,\"installed\":true,\"version\":\"3.23.0\",\"resolution\":\"C:\\\\Users\\\\Volted pc User\\\\Desktop\\\\amazon-project\\\\amazon-clone-react\\\\functions\\\\node_modules\\\\firebase-functions\\\\lib\\\\index.js\"}"}}
[debug] [2022-09-02T08:20:14.595Z] [runtime-status] [20500] Resolved module firebase-admin {"declared":true,"installed":true,"version":"10.3.0","resolution":"C:\\Users\\Volted pc User\\Desktop\\amazon-project\\amazon-clone-react\\functions\\node_modules\\firebase-admin\\lib\\index.js"} {"metadata":{"emulator":{"name":"functions"},"function":{"name":"us-central1-api"},"extension":{},"message":"[runtime-status] [20500] Resolved module firebase-admin {\"declared\":true,\"installed\":true,\"version\":\"10.3.0\",\"resolution\":\"C:\\\\Users\\\\Volted pc User\\\\Desktop\\\\amazon-project\\\\amazon-clone-react\\\\functions\\\\node_modules\\\\firebase-admin\\\\lib\\\\index.js\"}"}}
[debug] [2022-09-02T08:20:14.595Z] [runtime-status] [20500] Resolved module firebase-functions {"declared":true,"installed":true,"version":"3.23.0","resolution":"C:\\Users\\Volted pc User\\Desktop\\amazon-project\\amazon-clone-react\\functions\\node_modules\\firebase-functions\\lib\\index.js"} {"metadata":{"emulator":{"name":"functions"},"function":{"name":"us-central1-api"},"extension":{},"message":"[runtime-status] [20500] Resolved module firebase-functions {\"declared\":true,\"installed\":true,\"version\":\"3.23.0\",\"resolution\":\"C:\\\\Users\\\\Volted pc User\\\\Desktop\\\\amazon-project\\\\amazon-clone-react\\\\functions\\\\node_modules\\\\firebase-functions\\\\lib\\\\index.js\"}"}}
[debug] [2022-09-02T08:20:14.596Z] [runtime-status] [20500] firebase-admin has been stubbed. {"adminResolution":{"declared":true,"installed":true,"version":"10.3.0","resolution":"C:\\Users\\Volted pc User\\Desktop\\amazon-project\\amazon-clone-react\\functions\\node_modules\\firebase-admin\\lib\\index.js"}} {"metadata":{"emulator":{"name":"functions"},"function":{"name":"us-central1-api"},"extension":{},"message":"[runtime-status] [20500] firebase-admin has been stubbed. {\"adminResolution\":{\"declared\":true,\"installed\":true,\"version\":\"10.3.0\",\"resolution\":\"C:\\\\Users\\\\Volted pc User\\\\Desktop\\\\amazon-project\\\\amazon-clone-react\\\\functions\\\\node_modules\\\\firebase-admin\\\\lib\\\\index.js\"}}"}}
[debug] [2022-09-02T08:20:14.596Z] [runtime-status] [20500] Functions runtime initialized. {"cwd":"C:\\Users\\Volted pc User\\Desktop\\amazon-project\\amazon-clone-react\\functions","node_version":"18.2.0"} {"metadata":{"emulator":{"name":"functions"},"function":{"name":"us-central1-api"},"extension":{},"message":"[runtime-status] [20500] Functions runtime initialized. {\"cwd\":\"C:\\\\Users\\\\Volted pc User\\\\Desktop\\\\amazon-project\\\\amazon-clone-react\\\\functions\",\"node_version\":\"18.2.0\"}"}}
[debug] [2022-09-02T08:20:14.738Z] [runtime-status] [20500] Beginning invocation function api! {"metadata":{"emulator":{"name":"functions"},"function":{"name":"us-central1-api"},"extension":{},"message":"[runtime-status] [20500] Beginning invocation function api!"}}
[info] i  functions: Beginning execution of "api" {"metadata":{"emulator":{"name":"functions"},"function":{"name":"us-central1-api"},"extension":{},"message":"Beginning execution of \"api\""}}
[debug] [2022-09-02T08:20:14.739Z] [runtime-status] [20500] Running api in signature http {"metadata":{"emulator":{"name":"functions"},"function":{"name":"us-central1-api"},"extension":{},"message":"[runtime-status] [20500] Running api in signature http"}}
[debug] [2022-09-02T08:20:14.743Z] [runtime-status] [20500] Listening to port: \\?\pipe\fire_emu_7ee8df0f7ff7a5b9 {"metadata":{"emulator":{"name":"functions"},"function":{"name":"us-central1-api"},"extension":{},"message":"[runtime-status] [20500] Listening to port: \\\\?\\pipe\\fire_emu_7ee8df0f7ff7a5b9"}}
[debug] [2022-09-02T08:20:14.808Z] [functions] Runtime ready! Sending request! {"metadata":{"emulator":{"name":"functions"},"message":"[functions] Runtime ready! Sending request!"}}
[debug] [2022-09-02T08:20:14.808Z] [functions] Got req.url=/clone-b10be/us-central1/api, mapping to path=/ {"metadata":{"emulator":{"name":"functions"},"message":"[functions] Got req.url=/clone-b10be/us-central1/api, mapping to path=/"}}
[debug] [2022-09-02T08:20:14.810Z] [runtime-status] [20500] Ephemeral server handling GET request {"metadata":{"emulator":{"name":"functions"},"function":{"name":"us-central1-api"},"extension":{},"message":"[runtime-status] [20500] Ephemeral server handling GET request"}}
[debug] [2022-09-02T08:20:14.813Z] [runtime-status] [20500] Ephemeral server survived. {"metadata":{"emulator":{"name":"functions"},"function":{"name":"us-central1-api"},"extension":{},"message":"[runtime-status] [20500] Ephemeral server survived."}}
[info] i  functions: Finished "api" in ~1s {"metadata":{"emulator":{"name":"functions"},"function":{"name":"us-central1-api"},"extension":{},"message":"Finished \"api\" in ~1s"}}
[debug] [2022-09-02T08:20:14.813Z] [worker-us-central1-api-f946c1f6-c282-4fd5-b99c-23558bc2c02e]: IDLE {"metadata":{"emulator":{"name":"functions"},"message":"[worker-us-central1-api-f946c1f6-c282-4fd5-b99c-23558bc2c02e]: IDLE"}}
[debug] [2022-09-02T08:20:14.814Z] [work-queue] {"queueLength":0,"workRunningCount":0}
[debug] [2022-09-02T08:20:14.842Z] Functions emulator received unknown request at path /favicon.ico
[debug] [2022-09-02T08:30:04.187Z] [work-queue] {"queueLength":1,"workRunningCount":0}
[debug] [2022-09-02T08:30:04.187Z] [work-queue] {"queueLength":0,"workRunningCount":1}
[debug] [2022-09-02T08:30:04.187Z] Accepted request POST /clone-b10be/us-central1/api/payments/create?total=2700 --> us-central1-api
[debug] [2022-09-02T08:30:04.187Z] [worker-pool] submitWork(triggerId=us-central1-api) {"metadata":{"emulator":{"name":"functions"},"message":"[worker-pool] submitWork(triggerId=us-central1-api)"}}
[debug] [2022-09-02T08:30:04.187Z] [worker-us-central1-api-f946c1f6-c282-4fd5-b99c-23558bc2c02e]: BUSY {"metadata":{"emulator":{"name":"functions"},"message":"[worker-us-central1-api-f946c1f6-c282-4fd5-b99c-23558bc2c02e]: BUSY"}}
[debug] [2022-09-02T08:30:04.188Z] [work-queue] {"queueLength":1,"workRunningCount":1}
[debug] [2022-09-02T08:30:04.188Z] [work-queue] {"queueLength":0,"workRunningCount":2}
[debug] [2022-09-02T08:30:04.189Z] Accepted request POST /clone-b10be/us-central1/api/payments/create?total=2700 --> us-central1-api
[debug] [2022-09-02T08:30:04.193Z] [worker-pool] addWorker(us-central1-api) {"metadata":{"emulator":{"name":"functions"},"message":"[worker-pool] addWorker(us-central1-api)"}}
[debug] [2022-09-02T08:30:04.193Z] [worker-pool] Adding worker with key us-central1-api, total=2 {"metadata":{"emulator":{"name":"functions"},"message":"[worker-pool] Adding worker with key us-central1-api, total=2"}}
[debug] [2022-09-02T08:30:04.193Z] [worker-pool] submitWork(triggerId=us-central1-api) {"metadata":{"emulator":{"name":"functions"},"message":"[worker-pool] submitWork(triggerId=us-central1-api)"}}
[debug] [2022-09-02T08:30:04.193Z] [worker-us-central1-api-a4af608c-3eb2-4fad-81c2-8da5e5226018]: BUSY {"metadata":{"emulator":{"name":"functions"},"message":"[worker-us-central1-api-a4af608c-3eb2-4fad-81c2-8da5e5226018]: BUSY"}}
[debug] [2022-09-02T08:30:04.193Z] [runtime-status] [20500] Beginning invocation function api! {"metadata":{"emulator":{"name":"functions"},"function":{"name":"us-central1-api"},"extension":{},"message":"[runtime-status] [20500] Beginning invocation function api!"}}
[info] i  functions: Beginning execution of "api" {"metadata":{"emulator":{"name":"functions"},"function":{"name":"us-central1-api"},"extension":{},"message":"Beginning execution of \"api\""}}
[debug] [2022-09-02T08:30:04.194Z] [runtime-status] [20500] Running api in signature http {"metadata":{"emulator":{"name":"functions"},"function":{"name":"us-central1-api"},"extension":{},"message":"[runtime-status] [20500] Running api in signature http"}}
[debug] [2022-09-02T08:30:04.194Z] [runtime-status] [20500] Listening to port: \\?\pipe\fire_emu_7ee8df0f7ff7a5b9 {"metadata":{"emulator":{"name":"functions"},"function":{"name":"us-central1-api"},"extension":{},"message":"[runtime-status] [20500] Listening to port: \\\\?\\pipe\\fire_emu_7ee8df0f7ff7a5b9"}}
[debug] [2022-09-02T08:30:04.304Z] [functions] Runtime ready! Sending request! {"metadata":{"emulator":{"name":"functions"},"message":"[functions] Runtime ready! Sending request!"}}
[debug] [2022-09-02T08:30:04.304Z] [functions] Got req.url=/clone-b10be/us-central1/api/payments/create?total=2700, mapping to path=/payments/create?total=2700 {"metadata":{"emulator":{"name":"functions"},"message":"[functions] Got req.url=/clone-b10be/us-central1/api/payments/create?total=2700, mapping to path=/payments/create?total=2700"}}
[debug] [2022-09-02T08:30:04.306Z] [runtime-status] [20500] Ephemeral server handling POST request {"metadata":{"emulator":{"name":"functions"},"function":{"name":"us-central1-api"},"extension":{},"message":"[runtime-status] [20500] Ephemeral server handling POST request"}}
[debug] [2022-09-02T08:30:04.314Z] [runtime-status] [20500] Ephemeral server survived. {"metadata":{"emulator":{"name":"functions"},"function":{"name":"us-central1-api"},"extension":{},"message":"[runtime-status] [20500] Ephemeral server survived."}}
[info] i  functions: Finished "api" in ~1s {"metadata":{"emulator":{"name":"functions"},"function":{"name":"us-central1-api"},"extension":{},"message":"Finished \"api\" in ~1s"}}
[debug] [2022-09-02T08:30:05.158Z] [worker-us-central1-api-f946c1f6-c282-4fd5-b99c-23558bc2c02e]: IDLE {"metadata":{"emulator":{"name":"functions"},"message":"[worker-us-central1-api-f946c1f6-c282-4fd5-b99c-23558bc2c02e]: IDLE"}}
[debug] [2022-09-02T08:30:05.158Z] [work-queue] {"queueLength":0,"workRunningCount":1}
[debug] [2022-09-02T08:30:05.207Z] [runtime-status] [9360] Resolved module firebase-admin {"declared":true,"installed":true,"version":"10.3.0","resolution":"C:\\Users\\Volted pc User\\Desktop\\amazon-project\\amazon-clone-react\\functions\\node_modules\\firebase-admin\\lib\\index.js"} {"metadata":{"emulator":{"name":"functions"},"function":{"name":"us-central1-api"},"extension":{},"message":"[runtime-status] [9360] Resolved module firebase-admin {\"declared\":true,\"installed\":true,\"version\":\"10.3.0\",\"resolution\":\"C:\\\\Users\\\\Volted pc User\\\\Desktop\\\\amazon-project\\\\amazon-clone-react\\\\functions\\\\node_modules\\\\firebase-admin\\\\lib\\\\index.js\"}"}}
[debug] [2022-09-02T08:30:05.208Z] [runtime-status] [9360] Resolved module firebase-functions {"declared":true,"installed":true,"version":"3.23.0","resolution":"C:\\Users\\Volted pc User\\Desktop\\amazon-project\\amazon-clone-react\\functions\\node_modules\\firebase-functions\\lib\\index.js"} {"metadata":{"emulator":{"name":"functions"},"function":{"name":"us-central1-api"},"extension":{},"message":"[runtime-status] [9360] Resolved module firebase-functions {\"declared\":true,\"installed\":true,\"version\":\"3.23.0\",\"resolution\":\"C:\\\\Users\\\\Volted pc User\\\\Desktop\\\\amazon-project\\\\amazon-clone-react\\\\functions\\\\node_modules\\\\firebase-functions\\\\lib\\\\index.js\"}"}}
[debug] [2022-09-02T08:30:05.209Z] [runtime-status] [9360] Outgoing network have been stubbed. [{"name":"http","status":"mocked"},{"name":"http","status":"mocked"},{"name":"https","status":"mocked"},{"name":"https","status":"mocked"},{"name":"net","status":"mocked"}] {"metadata":{"emulator":{"name":"functions"},"function":{"name":"us-central1-api"},"extension":{},"message":"[runtime-status] [9360] Outgoing network have been stubbed. [{\"name\":\"http\",\"status\":\"mocked\"},{\"name\":\"http\",\"status\":\"mocked\"},{\"name\":\"https\",\"status\":\"mocked\"},{\"name\":\"https\",\"status\":\"mocked\"},{\"name\":\"net\",\"status\":\"mocked\"}]"}}
[debug] [2022-09-02T08:30:05.210Z] [runtime-status] [9360] Resolved module firebase-functions {"declared":true,"installed":true,"version":"3.23.0","resolution":"C:\\Users\\Volted pc User\\Desktop\\amazon-project\\amazon-clone-react\\functions\\node_modules\\firebase-functions\\lib\\index.js"} {"metadata":{"emulator":{"name":"functions"},"function":{"name":"us-central1-api"},"extension":{},"message":"[runtime-status] [9360] Resolved module firebase-functions {\"declared\":true,\"installed\":true,\"version\":\"3.23.0\",\"resolution\":\"C:\\\\Users\\\\Volted pc User\\\\Desktop\\\\amazon-project\\\\amazon-clone-react\\\\functions\\\\node_modules\\\\firebase-functions\\\\lib\\\\index.js\"}"}}
[debug] [2022-09-02T08:30:05.254Z] [runtime-status] [9360] Checked functions.config() {"config":{}} {"metadata":{"emulator":{"name":"functions"},"function":{"name":"us-central1-api"},"extension":{},"message":"[runtime-status] [9360] Checked functions.config() {\"config\":{}}"}}
[debug] [2022-09-02T08:30:05.255Z] [runtime-status] [9360] firebase-functions has been stubbed. {"functionsResolution":{"declared":true,"installed":true,"version":"3.23.0","resolution":"C:\\Users\\Volted pc User\\Desktop\\amazon-project\\amazon-clone-react\\functions\\node_modules\\firebase-functions\\lib\\index.js"}} {"metadata":{"emulator":{"name":"functions"},"function":{"name":"us-central1-api"},"extension":{},"message":"[runtime-status] [9360] firebase-functions has been stubbed. {\"functionsResolution\":{\"declared\":true,\"installed\":true,\"version\":\"3.23.0\",\"resolution\":\"C:\\\\Users\\\\Volted pc User\\\\Desktop\\\\amazon-project\\\\amazon-clone-react\\\\functions\\\\node_modules\\\\firebase-functions\\\\lib\\\\index.js\"}}"}}
[debug] [2022-09-02T08:30:05.255Z] [runtime-status] [9360] Resolved module firebase-functions {"declared":true,"installed":true,"version":"3.23.0","resolution":"C:\\Users\\Volted pc User\\Desktop\\amazon-project\\amazon-clone-react\\functions\\node_modules\\firebase-functions\\lib\\index.js"} {"metadata":{"emulator":{"name":"functions"},"function":{"name":"us-central1-api"},"extension":{},"message":"[runtime-status] [9360] Resolved module firebase-functions {\"declared\":true,\"installed\":true,\"version\":\"3.23.0\",\"resolution\":\"C:\\\\Users\\\\Volted pc User\\\\Desktop\\\\amazon-project\\\\amazon-clone-react\\\\functions\\\\node_modules\\\\firebase-functions\\\\lib\\\\index.js\"}"}}
[debug] [2022-09-02T08:30:05.257Z] [runtime-status] [9360] Resolved module firebase-admin {"declared":true,"installed":true,"version":"10.3.0","resolution":"C:\\Users\\Volted pc User\\Desktop\\amazon-project\\amazon-clone-react\\functions\\node_modules\\firebase-admin\\lib\\index.js"} {"metadata":{"emulator":{"name":"functions"},"function":{"name":"us-central1-api"},"extension":{},"message":"[runtime-status] [9360] Resolved module firebase-admin {\"declared\":true,\"installed\":true,\"version\":\"10.3.0\",\"resolution\":\"C:\\\\Users\\\\Volted pc User\\\\Desktop\\\\amazon-project\\\\amazon-clone-react\\\\functions\\\\node_modules\\\\firebase-admin\\\\lib\\\\index.js\"}"}}
[debug] [2022-09-02T08:30:05.257Z] [runtime-status] [9360] Resolved module firebase-functions {"declared":true,"installed":true,"version":"3.23.0","resolution":"C:\\Users\\Volted pc User\\Desktop\\amazon-project\\amazon-clone-react\\functions\\node_modules\\firebase-functions\\lib\\index.js"} {"metadata":{"emulator":{"name":"functions"},"function":{"name":"us-central1-api"},"extension":{},"message":"[runtime-status] [9360] Resolved module firebase-functions {\"declared\":true,\"installed\":true,\"version\":\"3.23.0\",\"resolution\":\"C:\\\\Users\\\\Volted pc User\\\\Desktop\\\\amazon-project\\\\amazon-clone-react\\\\functions\\\\node_modules\\\\firebase-functions\\\\lib\\\\index.js\"}"}}
[debug] [2022-09-02T08:30:05.257Z] [runtime-status] [9360] firebase-admin has been stubbed. {"adminResolution":{"declared":true,"installed":true,"version":"10.3.0","resolution":"C:\\Users\\Volted pc User\\Desktop\\amazon-project\\amazon-clone-react\\functions\\node_modules\\firebase-admin\\lib\\index.js"}} {"metadata":{"emulator":{"name":"functions"},"function":{"name":"us-central1-api"},"extension":{},"message":"[runtime-status] [9360] firebase-admin has been stubbed. {\"adminResolution\":{\"declared\":true,\"installed\":true,\"version\":\"10.3.0\",\"resolution\":\"C:\\\\Users\\\\Volted pc User\\\\Desktop\\\\amazon-project\\\\amazon-clone-react\\\\functions\\\\node_modules\\\\firebase-admin\\\\lib\\\\index.js\"}}"}}
[debug] [2022-09-02T08:30:05.257Z] [runtime-status] [9360] Functions runtime initialized. {"cwd":"C:\\Users\\Volted pc User\\Desktop\\amazon-project\\amazon-clone-react\\functions","node_version":"18.2.0"} {"metadata":{"emulator":{"name":"functions"},"function":{"name":"us-central1-api"},"extension":{},"message":"[runtime-status] [9360] Functions runtime initialized. {\"cwd\":\"C:\\\\Users\\\\Volted pc User\\\\Desktop\\\\amazon-project\\\\amazon-clone-react\\\\functions\",\"node_version\":\"18.2.0\"}"}}
[debug] [2022-09-02T08:30:05.400Z] [runtime-status] [9360] Beginning invocation function api! {"metadata":{"emulator":{"name":"functions"},"function":{"name":"us-central1-api"},"extension":{},"message":"[runtime-status] [9360] Beginning invocation function api!"}}
[info] i  functions: Beginning execution of "api" {"metadata":{"emulator":{"name":"functions"},"function":{"name":"us-central1-api"},"extension":{},"message":"Beginning execution of \"api\""}}
[debug] [2022-09-02T08:30:05.401Z] [runtime-status] [9360] Running api in signature http {"metadata":{"emulator":{"name":"functions"},"function":{"name":"us-central1-api"},"extension":{},"message":"[runtime-status] [9360] Running api in signature http"}}
[debug] [2022-09-02T08:30:05.405Z] [runtime-status] [9360] Listening to port: \\?\pipe\fire_emu_bb90fbda7c637aa0 {"metadata":{"emulator":{"name":"functions"},"function":{"name":"us-central1-api"},"extension":{},"message":"[runtime-status] [9360] Listening to port: \\\\?\\pipe\\fire_emu_bb90fbda7c637aa0"}}
[debug] [2022-09-02T08:30:05.488Z] [functions] Runtime ready! Sending request! {"metadata":{"emulator":{"name":"functions"},"message":"[functions] Runtime ready! Sending request!"}}
[debug] [2022-09-02T08:30:05.488Z] [functions] Got req.url=/clone-b10be/us-central1/api/payments/create?total=2700, mapping to path=/payments/create?total=2700 {"metadata":{"emulator":{"name":"functions"},"message":"[functions] Got req.url=/clone-b10be/us-central1/api/payments/create?total=2700, mapping to path=/payments/create?total=2700"}}
[debug] [2022-09-02T08:30:05.490Z] [runtime-status] [9360] Ephemeral server handling POST request {"metadata":{"emulator":{"name":"functions"},"function":{"name":"us-central1-api"},"extension":{},"message":"[runtime-status] [9360] Ephemeral server handling POST request"}}
[debug] [2022-09-02T08:30:05.498Z] [runtime-status] [9360] Ephemeral server survived. {"metadata":{"emulator":{"name":"functions"},"function":{"name":"us-central1-api"},"extension":{},"message":"[runtime-status] [9360] Ephemeral server survived."}}
[info] i  functions: Finished "api" in ~1s {"metadata":{"emulator":{"name":"functions"},"function":{"name":"us-central1-api"},"extension":{},"message":"Finished \"api\" in ~1s"}}
[debug] [2022-09-02T08:30:06.567Z] [worker-us-central1-api-a4af608c-3eb2-4fad-81c2-8da5e5226018]: IDLE {"metadata":{"emulator":{"name":"functions"},"message":"[worker-us-central1-api-a4af608c-3eb2-4fad-81c2-8da5e5226018]: IDLE"}}
[debug] [2022-09-02T08:30:06.568Z] [work-queue] {"queueLength":0,"workRunningCount":0}
